<?xml version="1.0" encoding="utf-8"?><testsuites name="pytest tests"><testsuite name="pytest" errors="0" failures="1" skipped="0" tests="30" time="8.398" timestamp="2026-05-26T08:57:51.121809+00:00" hostname="agent-env-3f4c9bda-19ab-431b-acc3-686f53cd0937"><testcase classname="backend.tests.test_voltpay_backend.TestHealthAndAuth" name="test_root" time="0.161" /><testcase classname="backend.tests.test_voltpay_backend.TestHealthAndAuth" name="test_register_creates_user_and_api_key" time="0.377" /><testcase classname="backend.tests.test_voltpay_backend.TestHealthAndAuth" name="test_register_duplicate_email_rejected" time="0.429" /><testcase classname="backend.tests.test_voltpay_backend.TestHealthAndAuth" name="test_login_success" time="0.324" /><testcase classname="backend.tests.test_voltpay_backend.TestHealthAndAuth" name="test_login_invalid" time="0.337" /><testcase classname="backend.tests.test_voltpay_backend.TestHealthAndAuth" name="test_me_with_bearer" time="0.097" /><testcase classname="backend.tests.test_voltpay_backend.TestHealthAndAuth" name="test_me_without_auth_returns_401" time="0.101" /><testcase classname="backend.tests.test_voltpay_backend.TestHealthAndAuth" name="test_brute_force_lockout" time="2.297"><failure message="AssertionError: Expected lockout; got codes [401, 401, 401, 401, 401, 401]&#10;assert 429 in [401, 401, 401, 401, 401, 401]">E   AssertionError: Expected lockout; got codes [401, 401, 401, 401, 401, 401]
    assert 429 in [401, 401, 401, 401, 401, 401]</failure></testcase><testcase classname="backend.tests.test_voltpay_backend.TestApiKeys" name="test_list_keys" time="0.118" /><testcase classname="backend.tests.test_voltpay_backend.TestApiKeys" name="test_rotate_keys" time="0.206" /><testcase classname="backend.tests.test_voltpay_backend.TestPublicPaymentIntents" name="test_reject_without_auth" time="0.109" /><testcase classname="backend.tests.test_voltpay_backend.TestPublicPaymentIntents" name="test_reject_bad_scheme" time="0.104" /><testcase classname="backend.tests.test_voltpay_backend.TestPublicPaymentIntents" name="test_create_pi" time="0.228" /><testcase classname="backend.tests.test_voltpay_backend.TestPublicPaymentIntents" name="test_confirm_pi_success_with_4242" time="0.434" /><testcase classname="backend.tests.test_voltpay_backend.TestPublicPaymentIntents" name="test_confirm_pi_declined_with_0002" time="0.382" /><testcase classname="backend.tests.test_voltpay_backend.TestPublicPaymentIntents" name="test_idempotency_key" time="0.144" /><testcase classname="backend.tests.test_voltpay_backend.TestRefunds" name="test_full_refund" time="0.387" /><testcase classname="backend.tests.test_voltpay_backend.TestRefunds" name="test_partial_refund" time="0.295" /><testcase classname="backend.tests.test_voltpay_backend.TestCustomers" name="test_create_get_delete" time="0.237" /><testcase classname="backend.tests.test_voltpay_backend.TestCustomers" name="test_list_customers" time="0.098" /><testcase classname="backend.tests.test_voltpay_backend.TestWebhooks" name="test_create_endpoint_and_list" time="0.145" /><testcase classname="backend.tests.test_voltpay_backend.TestWebhooks" name="test_list_events" time="0.102" /><testcase classname="backend.tests.test_voltpay_backend.TestCheckoutSessions" name="test_create_session_and_public_get" time="0.201" /><testcase classname="backend.tests.test_voltpay_backend.TestCheckoutSessions" name="test_session_pay_success" time="0.208" /><testcase classname="backend.tests.test_voltpay_backend.TestCheckoutSessions" name="test_session_pay_declined" time="0.208" /><testcase classname="backend.tests.test_voltpay_backend.TestStats" name="test_overview" time="0.113" /><testcase classname="backend.tests.test_voltpay_backend.TestStats" name="test_revenue_series" time="0.120" /><testcase classname="backend.tests.test_voltpay_backend.TestStats" name="test_balance" time="0.108" /><testcase classname="backend.tests.test_voltpay_backend.TestStats" name="test_ledger" time="0.099" /><testcase classname="backend.tests.test_voltpay_backend.TestStats" name="test_list_payment_intents_and_detail" time="0.140" /></testsuite></testsuites>